<?xml version="1.0" encoding="UTF-8"?>
<testsuite xmlns:xsi="http://www.w3.org/2001/XMLSchema-instance" xsi:noNamespaceSchemaLocation="https://maven.apache.org/surefire/maven-surefire-plugin/xsd/surefire-test-report.xsd" version="3.0.2" name="com.ecommerce.EcommerceBackApplicationTests" time="11.643" tests="1" errors="0" skipped="0" failures="0">
  <properties>
[...]
</properties>
  <testcase name="contextLoads" classname="com.ecommerce.EcommerceBackApplicationTests" time="0.921">
    <system-out><![CDATA[Standard Commons Logging discovery in action with spring-jcl: please remove commons-logging.jar from classpath in order to avoid potential conflicts
23:08:16.005 [main] INFO org.springframework.test.context.support.AnnotationConfigContextLoaderUtils -- Could not detect default configuration classes for test class [com.ecommerce.EcommerceBackApplicationTests]: EcommerceBackApplicationTests does not declare any static, non-private, non-final, nested classes annotated with @Configuration.
23:08:16.192 [main] INFO org.springframework.boot.test.context.SpringBootTestContextBootstrapper -- Found @SpringBootConfiguration com.ecommerce.EcommerceBackendApplication for test class com.ecommerce.EcommerceBackApplicationTests

  .   ____          _            __ _ _
 /\\ / ___'_ __ _ _(_)_ __  __ _ \ \ \ \
( ( )\___ | '_ | '_| | '_ \/ _` | \ \ \ \
 \\/  ___)| |_)| | | | | || (_| |  ) ) ) )
  '  |____| .__|_| |_|_| |_\__, | / / / /
 =========|_|==============|___/=/_/_/_/

 :: Spring Boot ::                (v3.4.4)

2025-06-09T23:08:17.279-03:00  INFO 3640 --- [ecommerce-back] [           main] c.e.EcommerceBackApplicationTests        : Starting EcommerceBackApplicationTests using Java 21.0.7 with PID 3640 (started by jerem in C:\Users\jerem\OneDrive\Escritorio\utn\Laboratorio-Franco\eccomerce_backend\ecommerce-back)
2025-06-09T23:08:17.282-03:00  INFO 3640 --- [ecommerce-back] [           main] c.e.EcommerceBackApplicationTests        : No active profile set, falling back to 1 default profile: "default"
2025-06-09T23:08:19.184-03:00  INFO 3640 --- [ecommerce-back] [           main] .s.d.r.c.RepositoryConfigurationDelegate : Bootstrapping Spring Data JPA repositories in DEFAULT mode.
2025-06-09T23:08:19.349-03:00  INFO 3640 --- [ecommerce-back] [           main] .s.d.r.c.RepositoryConfigurationDelegate : Finished Spring Data repository scanning in 150 ms. Found 15 JPA repository interfaces.
2025-06-09T23:08:20.094-03:00  INFO 3640 --- [ecommerce-back] [           main] o.hibernate.jpa.internal.util.LogHelper  : HHH000204: Processing PersistenceUnitInfo [name: default]
2025-06-09T23:08:20.247-03:00  INFO 3640 --- [ecommerce-back] [           main] org.hibernate.Version                    : HHH000412: Hibernate ORM core version 6.6.11.Final
2025-06-09T23:08:20.323-03:00  INFO 3640 --- [ecommerce-back] [           main] o.h.c.internal.RegionFactoryInitiator    : HHH000026: Second-level cache disabled
2025-06-09T23:08:20.688-03:00  INFO 3640 --- [ecommerce-back] [           main] o.h.e.boot.internal.EnversServiceImpl    : Envers integration enabled? : true
2025-06-09T23:08:21.208-03:00  INFO 3640 --- [ecommerce-back] [           main] o.s.o.j.p.SpringPersistenceUnitInfo      : No LoadTimeWeaver setup: ignoring JPA class transformer
2025-06-09T23:08:21.261-03:00  INFO 3640 --- [ecommerce-back] [           main] com.zaxxer.hikari.HikariDataSource       : HikariPool-1 - Starting...
2025-06-09T23:08:21.514-03:00  INFO 3640 --- [ecommerce-back] [           main] com.zaxxer.hikari.pool.HikariPool        : HikariPool-1 - Added connection com.mysql.cj.jdbc.ConnectionImpl@302da330
2025-06-09T23:08:21.517-03:00  INFO 3640 --- [ecommerce-back] [           main] com.zaxxer.hikari.HikariDataSource       : HikariPool-1 - Start completed.
2025-06-09T23:08:21.570-03:00  WARN 3640 --- [ecommerce-back] [           main] org.hibernate.orm.deprecation            : HHH90000025: MySQL8Dialect does not need to be specified explicitly using 'hibernate.dialect' (remove the property setting and it will be selected by default)
2025-06-09T23:08:21.574-03:00  WARN 3640 --- [ecommerce-back] [           main] org.hibernate.orm.deprecation            : HHH90000026: MySQL8Dialect has been deprecated; use org.hibernate.dialect.MySQLDialect instead
2025-06-09T23:08:21.600-03:00  INFO 3640 --- [ecommerce-back] [           main] org.hibernate.orm.connections.pooling    : HHH10001005: Database info:
	Database JDBC URL [Connecting through datasource 'HikariDataSource (HikariPool-1)']
	Database driver: undefined/unknown
	Database version: 8.0
	Autocommit mode: undefined/unknown
	Isolation level: undefined/unknown
	Minimum pool size: undefined/unknown
	Maximum pool size: undefined/unknown
2025-06-09T23:08:24.033-03:00  INFO 3640 --- [ecommerce-back] [           main] o.h.e.t.j.p.i.JtaPlatformInitiator       : HHH000489: No JTA platform available (set 'hibernate.transaction.jta.platform' to enable JTA platform integration)
2025-06-09T23:08:24.329-03:00  INFO 3640 --- [ecommerce-back] [           main] j.LocalContainerEntityManagerFactoryBean : Initialized JPA EntityManagerFactory for persistence unit 'default'
2025-06-09T23:08:24.937-03:00  INFO 3640 --- [ecommerce-back] [           main] eAuthenticationProviderManagerConfigurer : Global AuthenticationManager configured with AuthenticationProvider bean with name authenticationProvider
2025-06-09T23:08:24.938-03:00  WARN 3640 --- [ecommerce-back] [           main] r$InitializeUserDetailsManagerConfigurer : Global AuthenticationManager configured with an AuthenticationProvider bean. UserDetailsService beans will not be used by Spring Security for automatically configuring username/password login. Consider removing the AuthenticationProvider bean. Alternatively, consider using the UserDetailsService in a manually instantiated DaoAuthenticationProvider. If the current configuration is intentional, to turn off this warning, increase the logging level of 'org.springframework.security.config.annotation.authentication.configuration.InitializeUserDetailsBeanManagerConfigurer' to ERROR
2025-06-09T23:08:25.361-03:00  WARN 3640 --- [ecommerce-back] [           main] JpaBaseConfiguration$JpaWebConfiguration : spring.jpa.open-in-view is enabled by default. Therefore, database queries may be performed during view rendering. Explicitly configure spring.jpa.open-in-view to disable this warning
2025-06-09T23:08:26.473-03:00  INFO 3640 --- [ecommerce-back] [           main] c.e.EcommerceBackApplicationTests        : Started EcommerceBackApplicationTests in 10.028 seconds (process running for 11.606)
]]></system-out>
    <system-err><![CDATA[Mockito is currently self-attaching to enable the inline-mock-maker. This will no longer work in future releases of the JDK. Please add Mockito as an agent to your build what is described in Mockito's documentation: https://javadoc.io/doc/org.mockito/mockito-core/latest/org/mockito/Mockito.html#0.3
WARNING: A Java agent has been loaded dynamically (C:\Users\jerem\.m2\repository\net\bytebuddy\byte-buddy-agent\1.15.11\byte-buddy-agent-1.15.11.jar)
WARNING: If a serviceability tool is in use, please run with -XX:+EnableDynamicAgentLoading to hide this warning
WARNING: If a serviceability tool is not in use, please run with -Djdk.instrument.traceUsage for more information
WARNING: Dynamic loading of agents will be disallowed by default in a future release
]]></system-err>
  </testcase>
</testsuite>